Arguments: 
  /Users/robrollenberg/.nvm/versions/node/v6.9.1/bin/node /Users/robrollenberg/.nvm/versions/node/v6.9.1/bin/yarn install

PATH: 
  /Users/robrollenberg/.nvm/versions/node/v6.9.1/bin:/usr/local/php5/bin:/Applications/MAMP/bin/php/php5.6.10/bin:/usr/local/bin:/usr/bin:/bin:/usr/sbin:/sbin

Yarn version: 
  1.0.0

Node version: 
  6.9.1

Platform: 
  darwin x64

npm manifest: 
  {
    "name": "jepr-table",
    "version": "0.1.0",
    "description": "Reusable table",
    "main": "index.js",
    "author": {
      "name": "Rob Rollenberg",
      "email": "rob@jepr.nl"
    },
    "license": "MIT",
    "scripts": {
      "serve": "webpack-dev-server --open --config webpack.dev.js",
      "build": "webpack --config webpack.prod.js -p",
      "test": "jest --config=jest.config.json"
    },
    "peerDependencies": {
      "react": "^15.6.2",
    },
    "dependencies": {
      "react": "15.6.2",
      "react-dom": "15.6.2",
      "moment": "^2.18.1",
      "prop-types": "^15.5.10",
      "webpack": "3.5.5",
    },
    "devDependencies": {
      "babel-core": "^6.17.0",
      "babel-jest": "^21.2.0",
      "babel-loader": "^7.1.2",
      "babel-plugin-transform-object-rest-spread": "^6.23.0",
      "babel-plugin-transform-runtime": "^6.23.0",
      "babel-polyfill": "^6.26.0",
      "babel-preset-env": "^1.6.0",
      "babel-preset-react": "^6.16.0",
      "babel-preset-stage-1": "^6.24.1",
      "bootstrap-sass": "^3.3.7",
      "clean-webpack-plugin": "^0.1.16",
      "css-loader": "^0.26.4",
      "enzyme": "^2.9.1",
      "enzyme-to-json": "^1.5.1",
      "eslint": "^4.3.0",
      "eslint-config-airbnb": "^15.1.0",
      "eslint-plugin-import": "^2.7.0",
      "eslint-plugin-jsx-a11y": "^5.1.1",
      "eslint-plugin-react": "^7.1.0",
      "extract-text-webpack-plugin": "^3.0.0",
      "file-loader": "^0.11.2",
      "html-webpack-plugin": "^2.30.1",
      "jest": "^21.0.2",
      "loader-utils": "^1.1.0",
      "node-sass": "^4.5.3",
      "react-dom": "15.6.2",
      "react-icons-kit": "^1.0.7",
      "react-test-renderer": "^15.6.1",
      "resolve-url-loader": "^2.0.2",
      "sass-loader": "^6.0.5",
      "style-loader": "^0.13.2",
      "uglifyjs-webpack-plugin": "^0.4.6",
      "url-loader": "^0.5.9",
      "webpack": "3.5.5",
      "webpack-dev-server": "^2.7.1",
      "webpack-merge": "^4.1.0"
    }
  }

yarn manifest: 
  No manifest

Lockfile: 
  No lockfile

Trace: 
  SyntaxError: /Users/robrollenberg/git/jepr-table/package.json: Unexpected token } in JSON at position 434
      at Object.parse (native)
      at /Users/robrollenberg/.nvm/versions/node/v6.9.1/lib/node_modules/yarn/lib/cli.js:797:57
      at next (native)
      at step (/Users/robrollenberg/.nvm/versions/node/v6.9.1/lib/node_modules/yarn/lib/cli.js:92:30)
      at /Users/robrollenberg/.nvm/versions/node/v6.9.1/lib/node_modules/yarn/lib/cli.js:103:13
